<?xml version="1.0" encoding="UTF-8"?>
<!-- Generated by org.testng.reporters.JUnitReportReporter -->
<testsuite hostname="DESKTOP-U7LEM7P" failures="0" tests="3" name="com.test.GoogleTest" time="30.931" errors="0" timestamp="2020-07-11T07:52:47 IST" skipped="0">
  <testcase classname="com.test.GoogleTest" name="googleLogoTest" time="10.562"/>
  <system-out/>
  <testcase classname="com.test.GoogleTest" name="googleTitleTest" time="8.957"/>
  <system-out/>
  <testcase classname="com.test.GoogleTest" name="mailLinkTest" time="11.412"/>
  <system-out/>
</testsuite> <!-- com.test.GoogleTest -->
