<?xml version="1.0" encoding="UTF-8"?>
<!-- Generated by org.testng.reporters.JUnitReportReporter -->
<testsuite hostname="DESKTOP-U7LEM7P" failures="0" tests="1" name="com.Parameters.ParametersInTestNG" time="88.907" errors="0" timestamp="2020-08-07T22:58:52 IST" skipped="0">
  <testcase classname="com.Parameters.ParametersInTestNG" name="loginFacebookTest" time="88.907"/>
  <system-out/>
</testsuite> <!-- com.Parameters.ParametersInTestNG -->
