<?xml version="1.0" encoding="UTF-8"?>
<!-- Generated by org.testng.reporters.JUnitReportReporter -->
<testsuite hostname="DESKTOP-U7LEM7P" failures="0" tests="3" name="com.test.TestNGBasics" time="0.012" errors="0" timestamp="2020-07-11T07:51:44 IST" skipped="0">
  <testcase classname="com.test.TestNGBasics" name="googleTitletest" time="0.007"/>
  <system-out/>
  <testcase classname="com.test.TestNGBasics" name="clickonSearchBtn" time="0.003"/>
  <system-out/>
  <testcase classname="com.test.TestNGBasics" name="googleLogoTest" time="0.002"/>
  <system-out/>
</testsuite> <!-- com.test.TestNGBasics -->
